
Tue Jan 23 2024 21:57:08:587 GMT-0800 (Pacific Standard Time) -- [SUCCESS] You can now access your local server(s) in our remote browser

Tue Jan 23 2024 21:57:08:831 GMT-0800 (Pacific Standard Time) -- Press Ctrl-C to exit


Tue Jan 23 2024 21:57:09:815 GMT-0800 (Pacific Standard Time) -- Starting configuration console on http://localhost:45454

Tue Jan 23 2024 22:00:59:704 GMT-0800 (Pacific Standard Time) -- [SUCCESS] You can now access your local server(s) in our remote browser

Tue Jan 23 2024 22:00:59:971 GMT-0800 (Pacific Standard Time) -- Press Ctrl-C to exit


Tue Jan 23 2024 22:01:01:2 GMT-0800 (Pacific Standard Time) -- Starting configuration console on http://localhost:45454

Tue Jan 23 2024 22:04:59:370 GMT-0800 (Pacific Standard Time) -- [SUCCESS] You can now access your local server(s) in our remote browser

Tue Jan 23 2024 22:04:59:557 GMT-0800 (Pacific Standard Time) -- Press Ctrl-C to exit


Tue Jan 23 2024 22:05:00:482 GMT-0800 (Pacific Standard Time) -- Starting configuration console on http://localhost:45454

Tue Jan 23 2024 22:13:21:135 GMT-0800 (Pacific Standard Time) -- [SUCCESS] You can now access your local server(s) in our remote browser

Tue Jan 23 2024 22:13:21:253 GMT-0800 (Pacific Standard Time) -- Press Ctrl-C to exit


Tue Jan 23 2024 22:13:22:287 GMT-0800 (Pacific Standard Time) -- Starting configuration console on http://localhost:45454

Tue Jan 23 2024 22:20:37:320 GMT-0800 (Pacific Standard Time) -- [SUCCESS] You can now access your local server(s) in our remote browser

Tue Jan 23 2024 22:20:37:506 GMT-0800 (Pacific Standard Time) -- Press Ctrl-C to exit


Tue Jan 23 2024 22:20:38:617 GMT-0800 (Pacific Standard Time) -- Starting configuration console on http://localhost:45454

Tue Jan 23 2024 22:55:53:63 GMT-0800 (Pacific Standard Time) -- [SUCCESS] You can now access your local server(s) in our remote browser

Tue Jan 23 2024 22:55:53:301 GMT-0800 (Pacific Standard Time) -- Press Ctrl-C to exit


Tue Jan 23 2024 22:55:54:210 GMT-0800 (Pacific Standard Time) -- Starting configuration console on http://localhost:45454

Tue Jan 23 2024 23:00:34:602 GMT-0800 (Pacific Standard Time) -- [SUCCESS] You can now access your local server(s) in our remote browser

Tue Jan 23 2024 23:00:34:864 GMT-0800 (Pacific Standard Time) -- Press Ctrl-C to exit


Tue Jan 23 2024 23:00:35:895 GMT-0800 (Pacific Standard Time) -- Starting configuration console on http://localhost:45454

Tue Jan 23 2024 23:40:45:994 GMT-0800 (Pacific Standard Time) -- [SUCCESS] You can now access your local server(s) in our remote browser

Tue Jan 23 2024 23:40:46:243 GMT-0800 (Pacific Standard Time) -- Press Ctrl-C to exit


Tue Jan 23 2024 23:40:47:313 GMT-0800 (Pacific Standard Time) -- Starting configuration console on http://localhost:45454

Tue Jan 23 2024 23:46:24:302 GMT-0800 (Pacific Standard Time) -- [SUCCESS] You can now access your local server(s) in our remote browser

Tue Jan 23 2024 23:46:24:517 GMT-0800 (Pacific Standard Time) -- Press Ctrl-C to exit


Tue Jan 23 2024 23:46:25:603 GMT-0800 (Pacific Standard Time) -- Starting configuration console on http://localhost:45454

Tue Jan 23 2024 23:50:08:233 GMT-0800 (Pacific Standard Time) -- [SUCCESS] You can now access your local server(s) in our remote browser

Tue Jan 23 2024 23:50:08:554 GMT-0800 (Pacific Standard Time) -- Press Ctrl-C to exit


Tue Jan 23 2024 23:50:09:579 GMT-0800 (Pacific Standard Time) -- Starting configuration console on http://localhost:45454

Tue Jan 23 2024 23:55:07:270 GMT-0800 (Pacific Standard Time) -- [SUCCESS] You can now access your local server(s) in our remote browser

Tue Jan 23 2024 23:55:07:490 GMT-0800 (Pacific Standard Time) -- Press Ctrl-C to exit


Tue Jan 23 2024 23:55:08:570 GMT-0800 (Pacific Standard Time) -- Starting configuration console on http://localhost:45454

Tue Jan 23 2024 23:56:22:905 GMT-0800 (Pacific Standard Time) -- [SUCCESS] You can now access your local server(s) in our remote browser

Tue Jan 23 2024 23:56:23:152 GMT-0800 (Pacific Standard Time) -- Press Ctrl-C to exit


Tue Jan 23 2024 23:56:24:264 GMT-0800 (Pacific Standard Time) -- Starting configuration console on http://localhost:45454

Tue Jan 23 2024 23:58:11:538 GMT-0800 (Pacific Standard Time) -- [SUCCESS] You can now access your local server(s) in our remote browser

Tue Jan 23 2024 23:58:11:849 GMT-0800 (Pacific Standard Time) -- Press Ctrl-C to exit


Tue Jan 23 2024 23:58:12:876 GMT-0800 (Pacific Standard Time) -- Starting configuration console on http://localhost:45454

Tue Jan 23 2024 23:59:39:959 GMT-0800 (Pacific Standard Time) -- [SUCCESS] You can now access your local server(s) in our remote browser

Tue Jan 23 2024 23:59:40:150 GMT-0800 (Pacific Standard Time) -- Press Ctrl-C to exit


Tue Jan 23 2024 23:59:41:53 GMT-0800 (Pacific Standard Time) -- Starting configuration console on http://localhost:45454

Wed Jan 24 2024 00:01:53:483 GMT-0800 (Pacific Standard Time) -- [SUCCESS] You can now access your local server(s) in our remote browser

Wed Jan 24 2024 00:01:53:711 GMT-0800 (Pacific Standard Time) -- Press Ctrl-C to exit


Wed Jan 24 2024 00:01:54:626 GMT-0800 (Pacific Standard Time) -- Starting configuration console on http://localhost:45454
